0 info it worked if it ends with ok
1 verbose cli [ 'node', '/usr/local/bin/npm', 'install' ]
2 info using npm@2.14.2
3 info using node@v0.12.7
4 verbose node symlink /usr/local/bin/node
5 verbose readDependencies loading dependencies from /Users/Art/Desktop/TheHufts-heroku/package.json
6 verbose install where, deps [ '/Users/Art/Desktop/TheHufts-heroku',
6 verbose install   [ 'better-console',
6 verbose install     'body-parser',
6 verbose install     'client-sessions',
6 verbose install     'cookie-parser',
6 verbose install     'crypto-js',
6 verbose install     'debug',
6 verbose install     'del',
6 verbose install     'dotenv',
6 verbose install     'express',
6 verbose install     'express-minify',
6 verbose install     'express-uglify',
6 verbose install     'extend',
6 verbose install     'http',
6 verbose install     'jade',
6 verbose install     'map-stream',
6 verbose install     'mongodb',
6 verbose install     'monk',
6 verbose install     'morgan',
6 verbose install     'needle',
6 verbose install     'node-parse-api',
6 verbose install     'nodemon',
6 verbose install     'parse',
6 verbose install     'passport-local',
6 verbose install     'require-dot-file',
6 verbose install     'run-sequence',
6 verbose install     'serve-favicon',
6 verbose install     'uglify-js',
6 verbose install     'yamljs' ] ]
7 verbose install where, peers [ '/Users/Art/Desktop/TheHufts-heroku', [] ]
8 verbose installManyTop reading for lifecycle /Users/Art/Desktop/TheHufts-heroku/package.json
9 info preinstall nodetest1@0.0.0
10 verbose installManyTop reading scoped package data from /Users/Art/Desktop/TheHufts-heroku/node_modules/JSCPP/package.json
11 verbose installManyTop reading scoped package data from /Users/Art/Desktop/TheHufts-heroku/node_modules/better-console/package.json
12 verbose installManyTop reading scoped package data from /Users/Art/Desktop/TheHufts-heroku/node_modules/body-parser/package.json
13 verbose installManyTop reading scoped package data from /Users/Art/Desktop/TheHufts-heroku/node_modules/bson/package.json
14 verbose installManyTop reading scoped package data from /Users/Art/Desktop/TheHufts-heroku/node_modules/cassandra-driver/package.json
15 verbose installManyTop reading scoped package data from /Users/Art/Desktop/TheHufts-heroku/node_modules/client-sessions/package.json
16 verbose installManyTop reading scoped package data from /Users/Art/Desktop/TheHufts-heroku/node_modules/connect/package.json
17 verbose installManyTop reading scoped package data from /Users/Art/Desktop/TheHufts-heroku/node_modules/connect-mongo/package.json
18 verbose installManyTop reading scoped package data from /Users/Art/Desktop/TheHufts-heroku/node_modules/connect-uglify-js/package.json
19 verbose installManyTop reading scoped package data from /Users/Art/Desktop/TheHufts-heroku/node_modules/cookie-parser/package.json
20 verbose installManyTop reading scoped package data from /Users/Art/Desktop/TheHufts-heroku/node_modules/core-util-is/package.json
21 verbose installManyTop reading scoped package data from /Users/Art/Desktop/TheHufts-heroku/node_modules/crypto-js/package.json
22 verbose installManyTop reading scoped package data from /Users/Art/Desktop/TheHufts-heroku/node_modules/debug/package.json
23 verbose installManyTop reading scoped package data from /Users/Art/Desktop/TheHufts-heroku/node_modules/del/package.json
24 verbose installManyTop reading scoped package data from /Users/Art/Desktop/TheHufts-heroku/node_modules/dotenv/package.json
25 verbose installManyTop reading scoped package data from /Users/Art/Desktop/TheHufts-heroku/node_modules/es6-promise/package.json
26 verbose installManyTop reading scoped package data from /Users/Art/Desktop/TheHufts-heroku/node_modules/express/package.json
27 verbose installManyTop reading scoped package data from /Users/Art/Desktop/TheHufts-heroku/node_modules/express-minify/package.json
28 verbose installManyTop reading scoped package data from /Users/Art/Desktop/TheHufts-heroku/node_modules/express-session/package.json
29 verbose installManyTop reading scoped package data from /Users/Art/Desktop/TheHufts-heroku/node_modules/express-uglify/package.json
30 verbose installManyTop reading scoped package data from /Users/Art/Desktop/TheHufts-heroku/node_modules/extend/package.json
31 verbose installManyTop reading scoped package data from /Users/Art/Desktop/TheHufts-heroku/node_modules/http/package.json
32 verbose installManyTop reading scoped package data from /Users/Art/Desktop/TheHufts-heroku/node_modules/iconv-lite/package.json
33 verbose installManyTop reading scoped package data from /Users/Art/Desktop/TheHufts-heroku/node_modules/inherits/package.json
34 verbose installManyTop reading scoped package data from /Users/Art/Desktop/TheHufts-heroku/node_modules/isarray/package.json
35 verbose installManyTop reading scoped package data from /Users/Art/Desktop/TheHufts-heroku/node_modules/jade/package.json
36 verbose installManyTop reading scoped package data from /Users/Art/Desktop/TheHufts-heroku/node_modules/map-stream/package.json
37 verbose installManyTop reading scoped package data from /Users/Art/Desktop/TheHufts-heroku/node_modules/mongodb/package.json
38 verbose installManyTop reading scoped package data from /Users/Art/Desktop/TheHufts-heroku/node_modules/mongodb-core/package.json
39 verbose installManyTop reading scoped package data from /Users/Art/Desktop/TheHufts-heroku/node_modules/monk/package.json
40 verbose installManyTop reading scoped package data from /Users/Art/Desktop/TheHufts-heroku/node_modules/morgan/package.json
41 verbose installManyTop reading scoped package data from /Users/Art/Desktop/TheHufts-heroku/node_modules/needle/package.json
42 verbose installManyTop reading scoped package data from /Users/Art/Desktop/TheHufts-heroku/node_modules/node-parse-api/package.json
43 verbose installManyTop reading scoped package data from /Users/Art/Desktop/TheHufts-heroku/node_modules/nodemon/package.json
44 verbose installManyTop reading scoped package data from /Users/Art/Desktop/TheHufts-heroku/node_modules/obfuscator/package.json
45 verbose installManyTop reading scoped package data from /Users/Art/Desktop/TheHufts-heroku/node_modules/parse/package.json
46 verbose installManyTop reading scoped package data from /Users/Art/Desktop/TheHufts-heroku/node_modules/passport-local/package.json
47 verbose installManyTop reading scoped package data from /Users/Art/Desktop/TheHufts-heroku/node_modules/printf/package.json
48 verbose installManyTop reading scoped package data from /Users/Art/Desktop/TheHufts-heroku/node_modules/readable-stream/package.json
49 verbose installManyTop reading scoped package data from /Users/Art/Desktop/TheHufts-heroku/node_modules/require-dot-file/package.json
50 verbose installManyTop reading scoped package data from /Users/Art/Desktop/TheHufts-heroku/node_modules/run-sequence/package.json
51 verbose installManyTop reading scoped package data from /Users/Art/Desktop/TheHufts-heroku/node_modules/serve-favicon/package.json
52 verbose installManyTop reading scoped package data from /Users/Art/Desktop/TheHufts-heroku/node_modules/string_decoder/package.json
53 verbose installManyTop reading scoped package data from /Users/Art/Desktop/TheHufts-heroku/node_modules/uglify-js/package.json
54 verbose installManyTop reading scoped package data from /Users/Art/Desktop/TheHufts-heroku/node_modules/uglifyjs-middleware/package.json
55 verbose installManyTop reading scoped package data from /Users/Art/Desktop/TheHufts-heroku/node_modules/winston/package.json
56 verbose installManyTop reading scoped package data from /Users/Art/Desktop/TheHufts-heroku/node_modules/xmlhttprequest/package.json
57 verbose installManyTop reading scoped package data from /Users/Art/Desktop/TheHufts-heroku/node_modules/yamljs/package.json
58 info package.json connect-mongo@0.8.2 No license field.
59 info package.json client-sessions@0.7.0 No license field.
60 info package.json connect-uglify-js@0.0.2 No license field.
61 info package.json http@0.0.0 http is also the name of a node core module.
62 info package.json http@0.0.0 No description
63 info package.json http@0.0.0 No repository field.
64 info package.json monk@1.0.1 No license field.
65 info package.json passport-local@0.1.6 No README data
66 info package.json passport-local@0.1.6 No license field.
67 info package.json uglify-js@2.4.24 license should be a valid SPDX license expression
68 info package.json better-console@0.2.4 license should be a valid SPDX license expression
69 info package.json cassandra-driver@2.2.2 No license field.
70 info package.json express-uglify@0.3.1 No license field.
71 info package.json express-minify@0.1.6 No license field.
72 info package.json node-parse-api@0.3.8 No license field.
73 info package.json string_decoder@0.10.31 string_decoder is also the name of a node core module.
74 info package.json uglifyjs-middleware@1.1.3 No license field.
75 verbose readDependencies loading dependencies from /Users/Art/Desktop/TheHufts-heroku/package.json
76 verbose targetResolver reading package data from /Users/Art/Desktop/TheHufts-heroku/node_modules/JSCPP/package.json
77 verbose targetResolver reading package data from /Users/Art/Desktop/TheHufts-heroku/node_modules/better-console/package.json
78 verbose targetResolver reading package data from /Users/Art/Desktop/TheHufts-heroku/node_modules/body-parser/package.json
79 verbose targetResolver reading package data from /Users/Art/Desktop/TheHufts-heroku/node_modules/bson/package.json
80 verbose targetResolver reading package data from /Users/Art/Desktop/TheHufts-heroku/node_modules/cassandra-driver/package.json
81 verbose targetResolver reading package data from /Users/Art/Desktop/TheHufts-heroku/node_modules/client-sessions/package.json
82 verbose targetResolver reading package data from /Users/Art/Desktop/TheHufts-heroku/node_modules/connect/package.json
83 verbose targetResolver reading package data from /Users/Art/Desktop/TheHufts-heroku/node_modules/connect-mongo/package.json
84 verbose targetResolver reading package data from /Users/Art/Desktop/TheHufts-heroku/node_modules/connect-uglify-js/package.json
85 verbose targetResolver reading package data from /Users/Art/Desktop/TheHufts-heroku/node_modules/cookie-parser/package.json
86 verbose targetResolver reading package data from /Users/Art/Desktop/TheHufts-heroku/node_modules/core-util-is/package.json
87 verbose targetResolver reading package data from /Users/Art/Desktop/TheHufts-heroku/node_modules/crypto-js/package.json
88 verbose targetResolver reading package data from /Users/Art/Desktop/TheHufts-heroku/node_modules/debug/package.json
89 verbose targetResolver reading package data from /Users/Art/Desktop/TheHufts-heroku/node_modules/del/package.json
90 verbose targetResolver reading package data from /Users/Art/Desktop/TheHufts-heroku/node_modules/dotenv/package.json
91 verbose targetResolver reading package data from /Users/Art/Desktop/TheHufts-heroku/node_modules/es6-promise/package.json
92 verbose targetResolver reading package data from /Users/Art/Desktop/TheHufts-heroku/node_modules/express/package.json
93 verbose targetResolver reading package data from /Users/Art/Desktop/TheHufts-heroku/node_modules/express-minify/package.json
94 verbose targetResolver reading package data from /Users/Art/Desktop/TheHufts-heroku/node_modules/express-session/package.json
95 verbose targetResolver reading package data from /Users/Art/Desktop/TheHufts-heroku/node_modules/express-uglify/package.json
96 verbose targetResolver reading package data from /Users/Art/Desktop/TheHufts-heroku/node_modules/extend/package.json
97 verbose targetResolver reading package data from /Users/Art/Desktop/TheHufts-heroku/node_modules/http/package.json
98 verbose targetResolver reading package data from /Users/Art/Desktop/TheHufts-heroku/node_modules/iconv-lite/package.json
99 verbose targetResolver reading package data from /Users/Art/Desktop/TheHufts-heroku/node_modules/inherits/package.json
100 verbose targetResolver reading package data from /Users/Art/Desktop/TheHufts-heroku/node_modules/isarray/package.json
101 verbose targetResolver reading package data from /Users/Art/Desktop/TheHufts-heroku/node_modules/jade/package.json
102 verbose targetResolver reading package data from /Users/Art/Desktop/TheHufts-heroku/node_modules/map-stream/package.json
103 verbose targetResolver reading package data from /Users/Art/Desktop/TheHufts-heroku/node_modules/mongodb/package.json
104 verbose targetResolver reading package data from /Users/Art/Desktop/TheHufts-heroku/node_modules/mongodb-core/package.json
105 verbose targetResolver reading package data from /Users/Art/Desktop/TheHufts-heroku/node_modules/monk/package.json
106 verbose targetResolver reading package data from /Users/Art/Desktop/TheHufts-heroku/node_modules/morgan/package.json
107 verbose targetResolver reading package data from /Users/Art/Desktop/TheHufts-heroku/node_modules/needle/package.json
108 verbose targetResolver reading package data from /Users/Art/Desktop/TheHufts-heroku/node_modules/node-parse-api/package.json
109 verbose targetResolver reading package data from /Users/Art/Desktop/TheHufts-heroku/node_modules/nodemon/package.json
110 verbose targetResolver reading package data from /Users/Art/Desktop/TheHufts-heroku/node_modules/obfuscator/package.json
111 verbose targetResolver reading package data from /Users/Art/Desktop/TheHufts-heroku/node_modules/parse/package.json
112 verbose targetResolver reading package data from /Users/Art/Desktop/TheHufts-heroku/node_modules/passport-local/package.json
113 verbose targetResolver reading package data from /Users/Art/Desktop/TheHufts-heroku/node_modules/printf/package.json
114 verbose targetResolver reading package data from /Users/Art/Desktop/TheHufts-heroku/node_modules/readable-stream/package.json
115 verbose targetResolver reading package data from /Users/Art/Desktop/TheHufts-heroku/node_modules/require-dot-file/package.json
116 verbose targetResolver reading package data from /Users/Art/Desktop/TheHufts-heroku/node_modules/run-sequence/package.json
117 verbose targetResolver reading package data from /Users/Art/Desktop/TheHufts-heroku/node_modules/serve-favicon/package.json
118 verbose targetResolver reading package data from /Users/Art/Desktop/TheHufts-heroku/node_modules/string_decoder/package.json
119 verbose targetResolver reading package data from /Users/Art/Desktop/TheHufts-heroku/node_modules/uglify-js/package.json
120 verbose targetResolver reading package data from /Users/Art/Desktop/TheHufts-heroku/node_modules/uglifyjs-middleware/package.json
121 verbose targetResolver reading package data from /Users/Art/Desktop/TheHufts-heroku/node_modules/winston/package.json
122 verbose targetResolver reading package data from /Users/Art/Desktop/TheHufts-heroku/node_modules/xmlhttprequest/package.json
123 verbose targetResolver reading package data from /Users/Art/Desktop/TheHufts-heroku/node_modules/yamljs/package.json
124 verbose targetResolver reading package data from /Users/Art/Desktop/TheHufts-heroku/node_modules/.bin/jade/package.json
125 verbose targetResolver reading package data from /Users/Art/Desktop/TheHufts-heroku/node_modules/.bin/json2yaml/package.json
126 verbose targetResolver reading package data from /Users/Art/Desktop/TheHufts-heroku/node_modules/.bin/needle/package.json
127 verbose targetResolver reading package data from /Users/Art/Desktop/TheHufts-heroku/node_modules/.bin/nodemon/package.json
128 verbose targetResolver reading package data from /Users/Art/Desktop/TheHufts-heroku/node_modules/.bin/obfuscator/package.json
129 verbose targetResolver reading package data from /Users/Art/Desktop/TheHufts-heroku/node_modules/.bin/uglifyjs/package.json
130 verbose targetResolver reading package data from /Users/Art/Desktop/TheHufts-heroku/node_modules/.bin/yaml2json/package.json
131 verbose already installed skipping run-sequence@^1.1.4 /Users/Art/Desktop/TheHufts-heroku
132 verbose already installed skipping serve-favicon@~2.3.0 /Users/Art/Desktop/TheHufts-heroku
133 verbose already installed skipping uglify-js@>=2.3 /Users/Art/Desktop/TheHufts-heroku
134 verbose already installed skipping yamljs@^0.2.4 /Users/Art/Desktop/TheHufts-heroku
135 verbose already installed skipping better-console@^0.2.4 /Users/Art/Desktop/TheHufts-heroku
136 verbose already installed skipping body-parser@~1.13.2 /Users/Art/Desktop/TheHufts-heroku
137 verbose already installed skipping client-sessions@^0.7.0 /Users/Art/Desktop/TheHufts-heroku
138 verbose already installed skipping cookie-parser@~1.3.5 /Users/Art/Desktop/TheHufts-heroku
139 verbose already installed skipping crypto-js@3.1.5 /Users/Art/Desktop/TheHufts-heroku
140 verbose already installed skipping debug@~2.2.0 /Users/Art/Desktop/TheHufts-heroku
141 verbose already installed skipping del@^2.0.2 /Users/Art/Desktop/TheHufts-heroku
142 verbose already installed skipping dotenv@^1.2.0 /Users/Art/Desktop/TheHufts-heroku
143 verbose already installed skipping express@~4.13.1 /Users/Art/Desktop/TheHufts-heroku
144 verbose already installed skipping express-minify@* /Users/Art/Desktop/TheHufts-heroku
145 verbose already installed skipping express-uglify@* /Users/Art/Desktop/TheHufts-heroku
146 verbose already installed skipping extend@^3.0.0 /Users/Art/Desktop/TheHufts-heroku
147 verbose already installed skipping http@0.0.0 /Users/Art/Desktop/TheHufts-heroku
148 verbose already installed skipping jade@~1.11.0 /Users/Art/Desktop/TheHufts-heroku
149 verbose already installed skipping map-stream@0.0.6 /Users/Art/Desktop/TheHufts-heroku
150 verbose already installed skipping mongodb@^2.0.47 /Users/Art/Desktop/TheHufts-heroku
151 verbose already installed skipping monk@~1.0.1 /Users/Art/Desktop/TheHufts-heroku
152 verbose already installed skipping morgan@~1.6.1 /Users/Art/Desktop/TheHufts-heroku
153 verbose already installed skipping needle@^0.11.0 /Users/Art/Desktop/TheHufts-heroku
154 verbose already installed skipping node-parse-api@~0.3.8 /Users/Art/Desktop/TheHufts-heroku
155 verbose already installed skipping nodemon@^1.8.0 /Users/Art/Desktop/TheHufts-heroku
156 verbose already installed skipping parse@1.6.7 /Users/Art/Desktop/TheHufts-heroku
157 verbose already installed skipping passport-local@~0.1.6 /Users/Art/Desktop/TheHufts-heroku
158 verbose already installed skipping require-dot-file@^0.4.0 /Users/Art/Desktop/TheHufts-heroku
159 silly install resolved []
160 info build /Users/Art/Desktop/TheHufts-heroku
161 info linkStuff nodetest1@0.0.0
162 silly linkStuff nodetest1@0.0.0 has /Users/Art/Desktop as its parent node_modules
163 verbose linkBins nodetest1@0.0.0
164 verbose linkMans nodetest1@0.0.0
165 verbose rebuildBundles nodetest1@0.0.0
166 verbose rebuildBundles [ '.bin',
166 verbose rebuildBundles   'JSCPP',
166 verbose rebuildBundles   'better-console',
166 verbose rebuildBundles   'body-parser',
166 verbose rebuildBundles   'bson',
166 verbose rebuildBundles   'cassandra-driver',
166 verbose rebuildBundles   'client-sessions',
166 verbose rebuildBundles   'connect',
166 verbose rebuildBundles   'connect-mongo',
166 verbose rebuildBundles   'connect-uglify-js',
166 verbose rebuildBundles   'cookie-parser',
166 verbose rebuildBundles   'core-util-is',
166 verbose rebuildBundles   'crypto-js',
166 verbose rebuildBundles   'debug',
166 verbose rebuildBundles   'del',
166 verbose rebuildBundles   'dotenv',
166 verbose rebuildBundles   'es6-promise',
166 verbose rebuildBundles   'express',
166 verbose rebuildBundles   'express-minify',
166 verbose rebuildBundles   'express-session',
166 verbose rebuildBundles   'express-uglify',
166 verbose rebuildBundles   'extend',
166 verbose rebuildBundles   'http',
166 verbose rebuildBundles   'iconv-lite',
166 verbose rebuildBundles   'inherits',
166 verbose rebuildBundles   'isarray',
166 verbose rebuildBundles   'jade',
166 verbose rebuildBundles   'map-stream',
166 verbose rebuildBundles   'mongodb',
166 verbose rebuildBundles   'mongodb-core',
166 verbose rebuildBundles   'monk',
166 verbose rebuildBundles   'morgan',
166 verbose rebuildBundles   'needle',
166 verbose rebuildBundles   'node-parse-api',
166 verbose rebuildBundles   'nodemon',
166 verbose rebuildBundles   'obfuscator',
166 verbose rebuildBundles   'parse',
166 verbose rebuildBundles   'passport-local',
166 verbose rebuildBundles   'printf',
166 verbose rebuildBundles   'readable-stream',
166 verbose rebuildBundles   'require-dot-file',
166 verbose rebuildBundles   'run-sequence',
166 verbose rebuildBundles   'serve-favicon',
166 verbose rebuildBundles   'string_decoder',
166 verbose rebuildBundles   'uglify-js',
166 verbose rebuildBundles   'uglifyjs-middleware',
166 verbose rebuildBundles   'winston',
166 verbose rebuildBundles   'xmlhttprequest',
166 verbose rebuildBundles   'yamljs' ]
167 verbose rebuild bundle /Users/Art/Desktop/TheHufts-heroku/node_modules/JSCPP
168 info build /Users/Art/Desktop/TheHufts-heroku/node_modules/JSCPP
169 info preinstall JSCPP@2.0.3
170 info linkStuff JSCPP@2.0.3
171 silly linkStuff JSCPP@2.0.3 has /Users/Art/Desktop/TheHufts-heroku/node_modules as its parent node_modules
172 verbose linkBins JSCPP@2.0.3
173 verbose linkMans JSCPP@2.0.3
174 verbose rebuildBundles JSCPP@2.0.3
175 info install JSCPP@2.0.3
176 info postinstall JSCPP@2.0.3
177 verbose rebuild bundle /Users/Art/Desktop/TheHufts-heroku/node_modules/bson
178 info build /Users/Art/Desktop/TheHufts-heroku/node_modules/bson
179 info preinstall bson@0.4.19
180 info linkStuff bson@0.4.19
181 silly linkStuff bson@0.4.19 has /Users/Art/Desktop/TheHufts-heroku/node_modules as its parent node_modules
182 verbose linkBins bson@0.4.19
183 verbose linkMans bson@0.4.19
184 verbose rebuildBundles bson@0.4.19
185 info install bson@0.4.19
186 info postinstall bson@0.4.19
187 verbose rebuild bundle /Users/Art/Desktop/TheHufts-heroku/node_modules/cassandra-driver
188 info build /Users/Art/Desktop/TheHufts-heroku/node_modules/cassandra-driver
189 info preinstall cassandra-driver@2.2.2
190 info linkStuff cassandra-driver@2.2.2
191 silly linkStuff cassandra-driver@2.2.2 has /Users/Art/Desktop/TheHufts-heroku/node_modules as its parent node_modules
192 verbose linkBins cassandra-driver@2.2.2
193 verbose linkMans cassandra-driver@2.2.2
194 verbose rebuildBundles cassandra-driver@2.2.2
195 verbose rebuildBundles [ 'async', 'long' ]
196 info install cassandra-driver@2.2.2
197 info postinstall cassandra-driver@2.2.2
198 verbose rebuild bundle /Users/Art/Desktop/TheHufts-heroku/node_modules/connect
199 info build /Users/Art/Desktop/TheHufts-heroku/node_modules/connect
200 info preinstall connect@3.4.0
201 info linkStuff connect@3.4.0
202 silly linkStuff connect@3.4.0 has /Users/Art/Desktop/TheHufts-heroku/node_modules as its parent node_modules
203 verbose linkBins connect@3.4.0
204 verbose linkMans connect@3.4.0
205 verbose rebuildBundles connect@3.4.0
206 verbose rebuildBundles [ 'finalhandler', 'parseurl', 'utils-merge' ]
207 info install connect@3.4.0
208 info postinstall connect@3.4.0
209 verbose rebuild bundle /Users/Art/Desktop/TheHufts-heroku/node_modules/connect-mongo
210 info build /Users/Art/Desktop/TheHufts-heroku/node_modules/connect-mongo
211 info preinstall connect-mongo@0.8.2
212 info linkStuff connect-mongo@0.8.2
213 silly linkStuff connect-mongo@0.8.2 has /Users/Art/Desktop/TheHufts-heroku/node_modules as its parent node_modules
214 verbose linkBins connect-mongo@0.8.2
215 verbose linkMans connect-mongo@0.8.2
216 verbose rebuildBundles connect-mongo@0.8.2
217 verbose rebuildBundles [ 'depd', 'lodash' ]
218 info install connect-mongo@0.8.2
219 info postinstall connect-mongo@0.8.2
220 verbose rebuild bundle /Users/Art/Desktop/TheHufts-heroku/node_modules/connect-uglify-js
221 info build /Users/Art/Desktop/TheHufts-heroku/node_modules/connect-uglify-js
222 info preinstall connect-uglify-js@0.0.2
223 info linkStuff connect-uglify-js@0.0.2
224 silly linkStuff connect-uglify-js@0.0.2 has /Users/Art/Desktop/TheHufts-heroku/node_modules as its parent node_modules
225 verbose linkBins connect-uglify-js@0.0.2
226 verbose linkMans connect-uglify-js@0.0.2
227 verbose rebuildBundles connect-uglify-js@0.0.2
228 verbose rebuildBundles [ '.bin', 'bassline', 'uglify-js' ]
229 info install connect-uglify-js@0.0.2
230 info postinstall connect-uglify-js@0.0.2
231 verbose rebuild bundle /Users/Art/Desktop/TheHufts-heroku/node_modules/core-util-is
232 info build /Users/Art/Desktop/TheHufts-heroku/node_modules/core-util-is
233 info preinstall core-util-is@1.0.2
234 info linkStuff core-util-is@1.0.2
235 silly linkStuff core-util-is@1.0.2 has /Users/Art/Desktop/TheHufts-heroku/node_modules as its parent node_modules
236 verbose linkBins core-util-is@1.0.2
237 verbose linkMans core-util-is@1.0.2
238 verbose rebuildBundles core-util-is@1.0.2
239 info install core-util-is@1.0.2
240 info postinstall core-util-is@1.0.2
241 verbose rebuild bundle /Users/Art/Desktop/TheHufts-heroku/node_modules/es6-promise
242 info build /Users/Art/Desktop/TheHufts-heroku/node_modules/es6-promise
243 info preinstall es6-promise@2.1.1
244 info linkStuff es6-promise@2.1.1
245 silly linkStuff es6-promise@2.1.1 has /Users/Art/Desktop/TheHufts-heroku/node_modules as its parent node_modules
246 verbose linkBins es6-promise@2.1.1
247 verbose linkMans es6-promise@2.1.1
248 verbose rebuildBundles es6-promise@2.1.1
249 info install es6-promise@2.1.1
250 info postinstall es6-promise@2.1.1
251 verbose rebuild bundle /Users/Art/Desktop/TheHufts-heroku/node_modules/express-session
252 info build /Users/Art/Desktop/TheHufts-heroku/node_modules/express-session
253 info preinstall express-session@1.12.0
254 info linkStuff express-session@1.12.0
255 silly linkStuff express-session@1.12.0 has /Users/Art/Desktop/TheHufts-heroku/node_modules as its parent node_modules
256 verbose linkBins express-session@1.12.0
257 verbose linkMans express-session@1.12.0
258 verbose rebuildBundles express-session@1.12.0
259 verbose rebuildBundles [ 'cookie',
259 verbose rebuildBundles   'cookie-signature',
259 verbose rebuildBundles   'crc',
259 verbose rebuildBundles   'depd',
259 verbose rebuildBundles   'on-headers',
259 verbose rebuildBundles   'parseurl',
259 verbose rebuildBundles   'uid-safe',
259 verbose rebuildBundles   'utils-merge' ]
260 info install express-session@1.12.0
261 info postinstall express-session@1.12.0
262 verbose rebuild bundle /Users/Art/Desktop/TheHufts-heroku/node_modules/iconv-lite
263 info build /Users/Art/Desktop/TheHufts-heroku/node_modules/iconv-lite
264 info preinstall iconv-lite@0.4.13
265 info linkStuff iconv-lite@0.4.13
266 silly linkStuff iconv-lite@0.4.13 has /Users/Art/Desktop/TheHufts-heroku/node_modules as its parent node_modules
267 verbose linkBins iconv-lite@0.4.13
268 verbose linkMans iconv-lite@0.4.13
269 verbose rebuildBundles iconv-lite@0.4.13
270 info install iconv-lite@0.4.13
271 info postinstall iconv-lite@0.4.13
272 verbose rebuild bundle /Users/Art/Desktop/TheHufts-heroku/node_modules/inherits
273 info build /Users/Art/Desktop/TheHufts-heroku/node_modules/inherits
274 info preinstall inherits@2.0.1
275 info linkStuff inherits@2.0.1
276 silly linkStuff inherits@2.0.1 has /Users/Art/Desktop/TheHufts-heroku/node_modules as its parent node_modules
277 verbose linkBins inherits@2.0.1
278 verbose linkMans inherits@2.0.1
279 verbose rebuildBundles inherits@2.0.1
280 info install inherits@2.0.1
281 info postinstall inherits@2.0.1
282 verbose rebuild bundle /Users/Art/Desktop/TheHufts-heroku/node_modules/isarray
283 info build /Users/Art/Desktop/TheHufts-heroku/node_modules/isarray
284 info preinstall isarray@0.0.1
285 info linkStuff isarray@0.0.1
286 silly linkStuff isarray@0.0.1 has /Users/Art/Desktop/TheHufts-heroku/node_modules as its parent node_modules
287 verbose linkBins isarray@0.0.1
288 verbose linkMans isarray@0.0.1
289 verbose rebuildBundles isarray@0.0.1
290 info install isarray@0.0.1
291 info postinstall isarray@0.0.1
292 verbose rebuild bundle /Users/Art/Desktop/TheHufts-heroku/node_modules/mongodb-core
293 info build /Users/Art/Desktop/TheHufts-heroku/node_modules/mongodb-core
294 info preinstall mongodb-core@1.2.24
295 info linkStuff mongodb-core@1.2.24
296 silly linkStuff mongodb-core@1.2.24 has /Users/Art/Desktop/TheHufts-heroku/node_modules as its parent node_modules
297 verbose linkBins mongodb-core@1.2.24
298 verbose linkMans mongodb-core@1.2.24
299 verbose rebuildBundles mongodb-core@1.2.24
300 info install mongodb-core@1.2.24
301 info postinstall mongodb-core@1.2.24
302 verbose rebuild bundle /Users/Art/Desktop/TheHufts-heroku/node_modules/obfuscator
303 info build /Users/Art/Desktop/TheHufts-heroku/node_modules/obfuscator
304 info preinstall obfuscator@0.5.4
305 info linkStuff obfuscator@0.5.4
306 silly linkStuff obfuscator@0.5.4 has /Users/Art/Desktop/TheHufts-heroku/node_modules as its parent node_modules
307 verbose linkBins obfuscator@0.5.4
308 verbose link bins [ { obfuscator: 'bin/obfuscator' },
308 verbose link bins   '/Users/Art/Desktop/TheHufts-heroku/node_modules/.bin',
308 verbose link bins   false ]
309 verbose linkMans obfuscator@0.5.4
310 verbose rebuildBundles obfuscator@0.5.4
311 verbose rebuildBundles [ 'commander' ]
312 silly gentlyRm /Users/Art/Desktop/TheHufts-heroku/node_modules/.bin/obfuscator is being purged
313 verbose gentlyRm don't care about contents; nuking /Users/Art/Desktop/TheHufts-heroku/node_modules/.bin/obfuscator
314 silly vacuum-fs purging /Users/Art/Desktop/TheHufts-heroku/node_modules/.bin/obfuscator
315 silly vacuum-fs quitting because other entries in /Users/Art/Desktop/TheHufts-heroku/node_modules/.bin
316 info install obfuscator@0.5.4
317 info postinstall obfuscator@0.5.4
318 verbose rebuild bundle /Users/Art/Desktop/TheHufts-heroku/node_modules/printf
319 info build /Users/Art/Desktop/TheHufts-heroku/node_modules/printf
320 info preinstall printf@0.2.3
321 info linkStuff printf@0.2.3
322 silly linkStuff printf@0.2.3 has /Users/Art/Desktop/TheHufts-heroku/node_modules as its parent node_modules
323 verbose linkBins printf@0.2.3
324 verbose linkMans printf@0.2.3
325 verbose rebuildBundles printf@0.2.3
326 info install printf@0.2.3
327 info postinstall printf@0.2.3
328 verbose rebuild bundle /Users/Art/Desktop/TheHufts-heroku/node_modules/readable-stream
329 info build /Users/Art/Desktop/TheHufts-heroku/node_modules/readable-stream
330 info preinstall readable-stream@1.0.31
331 info linkStuff readable-stream@1.0.31
332 silly linkStuff readable-stream@1.0.31 has /Users/Art/Desktop/TheHufts-heroku/node_modules as its parent node_modules
333 verbose linkBins readable-stream@1.0.31
334 verbose linkMans readable-stream@1.0.31
335 verbose rebuildBundles readable-stream@1.0.31
336 info install readable-stream@1.0.31
337 info postinstall readable-stream@1.0.31
338 verbose rebuild bundle /Users/Art/Desktop/TheHufts-heroku/node_modules/string_decoder
339 info build /Users/Art/Desktop/TheHufts-heroku/node_modules/string_decoder
340 info preinstall string_decoder@0.10.31
341 info linkStuff string_decoder@0.10.31
342 silly linkStuff string_decoder@0.10.31 has /Users/Art/Desktop/TheHufts-heroku/node_modules as its parent node_modules
343 verbose linkBins string_decoder@0.10.31
344 verbose linkMans string_decoder@0.10.31
345 verbose rebuildBundles string_decoder@0.10.31
346 info install string_decoder@0.10.31
347 info postinstall string_decoder@0.10.31
348 verbose rebuild bundle /Users/Art/Desktop/TheHufts-heroku/node_modules/uglifyjs-middleware
349 info build /Users/Art/Desktop/TheHufts-heroku/node_modules/uglifyjs-middleware
350 info preinstall uglifyjs-middleware@1.1.3
351 info linkStuff uglifyjs-middleware@1.1.3
352 silly linkStuff uglifyjs-middleware@1.1.3 has /Users/Art/Desktop/TheHufts-heroku/node_modules as its parent node_modules
353 verbose linkBins uglifyjs-middleware@1.1.3
354 verbose linkMans uglifyjs-middleware@1.1.3
355 verbose rebuildBundles uglifyjs-middleware@1.1.3
356 verbose rebuildBundles [ '.bin', 'uglify-js' ]
357 info install uglifyjs-middleware@1.1.3
358 info postinstall uglifyjs-middleware@1.1.3
359 verbose rebuild bundle /Users/Art/Desktop/TheHufts-heroku/node_modules/winston
360 info build /Users/Art/Desktop/TheHufts-heroku/node_modules/winston
361 info preinstall winston@1.0.2
362 info linkStuff winston@1.0.2
363 silly linkStuff winston@1.0.2 has /Users/Art/Desktop/TheHufts-heroku/node_modules as its parent node_modules
364 verbose linkBins winston@1.0.2
365 verbose linkMans winston@1.0.2
366 verbose rebuildBundles winston@1.0.2
367 verbose rebuildBundles [ 'async',
367 verbose rebuildBundles   'colors',
367 verbose rebuildBundles   'cycle',
367 verbose rebuildBundles   'eyes',
367 verbose rebuildBundles   'isstream',
367 verbose rebuildBundles   'pkginfo',
367 verbose rebuildBundles   'stack-trace' ]
368 info install winston@1.0.2
369 info postinstall winston@1.0.2
370 verbose rebuild bundle /Users/Art/Desktop/TheHufts-heroku/node_modules/xmlhttprequest
371 info build /Users/Art/Desktop/TheHufts-heroku/node_modules/xmlhttprequest
372 info preinstall xmlhttprequest@1.8.0
373 info linkStuff xmlhttprequest@1.8.0
374 silly linkStuff xmlhttprequest@1.8.0 has /Users/Art/Desktop/TheHufts-heroku/node_modules as its parent node_modules
375 verbose linkBins xmlhttprequest@1.8.0
376 verbose linkMans xmlhttprequest@1.8.0
377 verbose rebuildBundles xmlhttprequest@1.8.0
378 info install xmlhttprequest@1.8.0
379 info postinstall xmlhttprequest@1.8.0
380 info install nodetest1@0.0.0
381 info postinstall nodetest1@0.0.0
382 info prepublish nodetest1@0.0.0
383 verbose validateInstall loading /Users/Art/Desktop/TheHufts-heroku/package.json for validation
384 verbose stack Error: The package mongodb@2.0.49 does not satisfy its siblings' peerDependencies requirements!
384 verbose stack     at /usr/local/lib/node_modules/npm/lib/install.js:125:32
384 verbose stack     at /usr/local/lib/node_modules/npm/lib/install.js:268:7
384 verbose stack     at /usr/local/lib/node_modules/npm/node_modules/read-installed/read-installed.js:142:5
384 verbose stack     at /usr/local/lib/node_modules/npm/node_modules/read-installed/read-installed.js:263:14
384 verbose stack     at cb (/usr/local/lib/node_modules/npm/node_modules/slide/lib/async-map.js:47:24)
384 verbose stack     at /usr/local/lib/node_modules/npm/node_modules/read-installed/read-installed.js:263:14
384 verbose stack     at cb (/usr/local/lib/node_modules/npm/node_modules/slide/lib/async-map.js:47:24)
384 verbose stack     at /usr/local/lib/node_modules/npm/node_modules/read-installed/read-installed.js:263:14
384 verbose stack     at cb (/usr/local/lib/node_modules/npm/node_modules/slide/lib/async-map.js:47:24)
384 verbose stack     at /usr/local/lib/node_modules/npm/node_modules/read-installed/read-installed.js:263:14
385 verbose cwd /Users/Art/Desktop/TheHufts-heroku
386 error Darwin 15.0.0
387 error argv "node" "/usr/local/bin/npm" "install"
388 error node v0.12.7
389 error npm  v2.14.2
390 error code EPEERINVALID
391 error peerinvalid The package mongodb@2.0.49 does not satisfy its siblings' peerDependencies requirements!
392 verbose exit [ 1, true ]
